Running: C:\Xilinx\14.5\ISE_DS\ISE\bin\nt64\unwrapped\fuse.exe -intstyle ise -incremental -o C:/Users/2181042/Documents/Eletronica Progravavel/eq2/eq2_test_isim_beh.exe -prj C:/Users/2181042/Documents/Eletronica Progravavel/eq2/eq2_test_beh.prj work.eq2_test 
ISim P.58f (signature 0x7708f090)
Number of CPUs detected in this system: 12
Turning on mult-threading, number of parallel sub-compilation jobs: 24 
Determining compilation order of HDL files
Parsing VHDL file "C:/Users/2181042/Documents/Eletronica Progravavel/eq2/eq1.vhd" into library work
Parsing VHDL file "C:/Users/2181042/Documents/Eletronica Progravavel/eq2/eq2.vhd" into library work
Parsing VHDL file "C:/Users/2181042/Documents/Eletronica Progravavel/eq2/eq2_test.vhd" into library work
Starting static elaboration
Completed static elaboration
Compiling package standard
Compiling package std_logic_1164
Compiling architecture sop_arch of entity eq1 [eq1_default]
Compiling architecture struct_arch of entity eq2 [eq2_default]
Compiling architecture behavior of entity eq2_test
Time Resolution for simulation is 1ps.
Compiled 7 VHDL Units
Built simulation executable C:/Users/2181042/Documents/Eletronica Progravavel/eq2/eq2_test_isim_beh.exe
Fuse Memory Usage: 28992 KB
Fuse CPU Usage: 608 ms
