Command line:
   eq2_isim_beh.exe
     -simmode  gui
     -simrunnum  0
     -socket  52080

Sat Sep 19 17:02:15 2020


 Elaboration Time: 0.015625 sec

 Current Memory Usage: 5171.02 Meg

 Total Signals          : 15
 Total Nets             : 11
 Total Signal Drivers   : 7
 Total Blocks           : 4
 Total Primitive Blocks : 3
 Total Processes        : 7
 Total Traceable Variables  : 8
 Total Scalar Nets and Variables : 371
Total Line Count : 7

 Total Simulation Time: 0.046875 sec

 Current Memory Usage: 5171.02 Meg

Sat Sep 19 17:02:24 2020

